<?xml version="1.0" encoding="UTF-8"?>
<!-- Generated by org.testng.reporters.JUnitReportReporter -->
<testsuite hostname="LAPTOP-7V5QHGUR" name="handling_Dynamic_checkboxandradiobutton_Test.Handling_Dynamic_checkboxandradiobutton_Test1" tests="1" failures="0" timestamp="13 May 2021 05:35:24 GMT" time="12.014" errors="0">
  <testcase name="dynamicCheckbox" time="12.014" classname="handling_Dynamic_checkboxandradiobutton_Test.Handling_Dynamic_checkboxandradiobutton_Test1"/>
</testsuite> <!-- handling_Dynamic_checkboxandradiobutton_Test.Handling_Dynamic_checkboxandradiobutton_Test1 -->
